[35m[1mScanning dependencies of target image_processor_node[0m
[ 50%] [32mBuilding CXX object CMakeFiles/image_processor_node.dir/src/image_processor_node.cpp.o[0m
[01m[K/home/mp4d/ros2_ws/src/image_processor/src/image_processor_node.cpp:[m[K In member function â€˜[01m[Kvoid ImageProcessorNode::process_image(const cv::Mat&)[m[Kâ€™:
[01m[K/home/mp4d/ros2_ws/src/image_processor/src/image_processor_node.cpp:188:1:[m[K [01;31m[Kerror: [m[Kâ€˜[01m[Kkk[m[Kâ€™ was not declared in this scope
  188 | [01;31m[Kkk[m[K
      | [01;31m[K^~[m[K
[01m[K/home/mp4d/ros2_ws/src/image_processor/src/image_processor_node.cpp:197:13:[m[K [01;31m[Kerror: [m[Kâ€˜[01m[Knormalized_img[m[Kâ€™ was not declared in this scope; did you mean â€˜[01m[Kresized_img[m[Kâ€™?
  197 |             [01;31m[Knormalized_img[m[K[i * 10 + j] = binary_img.at<uint8_t>(i, j) / 255.0f;
      |             [01;31m[K^~~~~~~~~~~~~~[m[K
      |             [32m[Kresized_img[m[K
make[2]: *** [CMakeFiles/image_processor_node.dir/build.make:63: CMakeFiles/image_processor_node.dir/src/image_processor_node.cpp.o] Error 1
make[1]: *** [CMakeFiles/Makefile2:78: CMakeFiles/image_processor_node.dir/all] Error 2
make: *** [Makefile:141: all] Error 2
