[0.119s] Invoking command in '/home/mp4d/ros2_ws/build/image_processor': /usr/bin/cmake --build /home/mp4d/ros2_ws/build/image_processor -- -j4 -l4
[0.435s] [35m[1mScanning dependencies of target image_processor_node[0m
[0.650s] [ 50%] [32mBuilding CXX object CMakeFiles/image_processor_node.dir/src/image_processor_node.cpp.o[0m
[22.254s] [01m[K/home/mp4d/ros2_ws/src/image_processor/src/image_processor_node.cpp:[m[K In member function â€˜[01m[Kvoid ImageProcessorNode::process_image(const cv::Mat&)[m[Kâ€™:
[22.255s] [01m[K/home/mp4d/ros2_ws/src/image_processor/src/image_processor_node.cpp:188:1:[m[K [01;31m[Kerror: [m[Kâ€˜[01m[Kkk[m[Kâ€™ was not declared in this scope
[22.256s]   188 | [01;31m[Kkk[m[K
[22.256s]       | [01;31m[K^~[m[K
[22.333s] [01m[K/home/mp4d/ros2_ws/src/image_processor/src/image_processor_node.cpp:197:13:[m[K [01;31m[Kerror: [m[Kâ€˜[01m[Knormalized_img[m[Kâ€™ was not declared in this scope; did you mean â€˜[01m[Kresized_img[m[Kâ€™?
[22.334s]   197 |             [01;31m[Knormalized_img[m[K[i * 10 + j] = binary_img.at<uint8_t>(i, j) / 255.0f;
[22.335s]       |             [01;31m[K^~~~~~~~~~~~~~[m[K
[22.336s]       |             [32m[Kresized_img[m[K
[38.987s] make[2]: *** [CMakeFiles/image_processor_node.dir/build.make:63: CMakeFiles/image_processor_node.dir/src/image_processor_node.cpp.o] Error 1
[38.988s] make[1]: *** [CMakeFiles/Makefile2:78: CMakeFiles/image_processor_node.dir/all] Error 2
[38.989s] make: *** [Makefile:141: all] Error 2
[39.001s] Invoked command in '/home/mp4d/ros2_ws/build/image_processor' returned '2': /usr/bin/cmake --build /home/mp4d/ros2_ws/build/image_processor -- -j4 -l4
