[35m[1mScanning dependencies of target image_processor_node[0m
[ 50%] [32mBuilding CXX object CMakeFiles/image_processor_node.dir/src/image_processor_node.cpp.o[0m
[01m[K/home/mp4d/ros2_ws/src/image_processor/src/image_processor_node.cpp:[m[K In member function â€˜[01m[Kvoid ImageProcessorNode::process_image(const cv::Mat&)[m[Kâ€™:
[01m[K/home/mp4d/ros2_ws/src/image_processor/src/image_processor_node.cpp:208:29:[m[K [01;31m[Kerror: [m[Kexpected â€˜[01m[K;[m[Kâ€™ before â€˜[01m[K}[m[Kâ€™ token
  208 |         processed_value = 21
      |                             [01;31m[K^[m[K
      |                             [32m[K;[m[K
  209 |     [32m[K}[m[K
      |     [32m[K~[m[K                        
make[2]: *** [CMakeFiles/image_processor_node.dir/build.make:63: CMakeFiles/image_processor_node.dir/src/image_processor_node.cpp.o] Error 1
make[1]: *** [CMakeFiles/Makefile2:78: CMakeFiles/image_processor_node.dir/all] Error 2
make: *** [Makefile:141: all] Error 2
