[35m[1mScanning dependencies of target image_processor_node[0m
[ 50%] [32mBuilding CXX object CMakeFiles/image_processor_node.dir/src/image_processor_node.cpp.o[0m
[01m[K/home/mp4d/ros2_ws/src/image_processor/src/image_processor_node.cpp:[m[K In member function â€˜[01m[Kvoid ImageProcessorNode::process_image(const cv::Mat&)[m[Kâ€™:
[01m[K/home/mp4d/ros2_ws/src/image_processor/src/image_processor_node.cpp:175:5:[m[K [01;31m[Kerror: [m[Kâ€˜[01m[Kv[m[Kâ€™ has not been declared
  175 |     [01;31m[Kv[m[K::Scalar mean_val = cv::mean(resized_img);
      |     [01;31m[K^[m[K
[01m[K/home/mp4d/ros2_ws/src/image_processor/src/image_processor_node.cpp:176:60:[m[K [01;31m[Kerror: [m[Kâ€˜[01m[Kmean_val[m[Kâ€™ was not declared in this scope
  176 |     uint8_t threshold = static_cast<uint8_t>(std::max(5.0, [01;31m[Kmean_val[m[K[0] + mean_val[0]*0.4)); // Ensure threshold is at least 5
      |                                                            [01;31m[K^~~~~~~~[m[K
make[2]: *** [CMakeFiles/image_processor_node.dir/build.make:63: CMakeFiles/image_processor_node.dir/src/image_processor_node.cpp.o] Error 1
make[1]: *** [CMakeFiles/Makefile2:78: CMakeFiles/image_processor_node.dir/all] Error 2
make: *** [Makefile:141: all] Error 2
