[0.134s] Invoking command in '/home/mp4d/ros2_ws/build/image_processor': /usr/bin/cmake --build /home/mp4d/ros2_ws/build/image_processor -- -j4 -l4
[0.596s] [35m[1mScanning dependencies of target image_processor_node[0m
[0.985s] [ 50%] [32mBuilding CXX object CMakeFiles/image_processor_node.dir/src/image_processor_node.cpp.o[0m
[26.979s] [01m[K/home/mp4d/ros2_ws/src/image_processor/src/image_processor_node.cpp:[m[K In member function â€˜[01m[Kvoid ImageProcessorNode::process_image(const cv::Mat&)[m[Kâ€™:
[26.980s] [01m[K/home/mp4d/ros2_ws/src/image_processor/src/image_processor_node.cpp:175:5:[m[K [01;31m[Kerror: [m[Kâ€˜[01m[Kv[m[Kâ€™ has not been declared
[26.981s]   175 |     [01;31m[Kv[m[K::Scalar mean_val = cv::mean(resized_img);
[26.981s]       |     [01;31m[K^[m[K
[27.056s] [01m[K/home/mp4d/ros2_ws/src/image_processor/src/image_processor_node.cpp:176:60:[m[K [01;31m[Kerror: [m[Kâ€˜[01m[Kmean_val[m[Kâ€™ was not declared in this scope
[27.057s]   176 |     uint8_t threshold = static_cast<uint8_t>(std::max(5.0, [01;31m[Kmean_val[m[K[0] + mean_val[0]*0.4)); // Ensure threshold is at least 5
[27.057s]       |                                                            [01;31m[K^~~~~~~~[m[K
[45.269s] make[2]: *** [CMakeFiles/image_processor_node.dir/build.make:63: CMakeFiles/image_processor_node.dir/src/image_processor_node.cpp.o] Error 1
[45.272s] make[1]: *** [CMakeFiles/Makefile2:78: CMakeFiles/image_processor_node.dir/all] Error 2
[45.273s] make: *** [Makefile:141: all] Error 2
[45.296s] Invoked command in '/home/mp4d/ros2_ws/build/image_processor' returned '2': /usr/bin/cmake --build /home/mp4d/ros2_ws/build/image_processor -- -j4 -l4
